[debug] [2020-01-03T11:24:15.503Z] ----------------------------------------------------------------------
[debug] [2020-01-03T11:24:15.505Z] Command:       C:\Program Files\nodejs\node.exe C:\Users\Conny\AppData\Roaming\npm\node_modules\firebase-tools\lib\bin\firebase.js serve
[debug] [2020-01-03T11:24:15.506Z] CLI Version:   7.11.0
[debug] [2020-01-03T11:24:15.506Z] Platform:      win32
[debug] [2020-01-03T11:24:15.506Z] Node Version:  v10.16.0
[debug] [2020-01-03T11:24:15.507Z] Time:          Fri Jan 03 2020 14:24:15 GMT+0300 (East Africa Time)
[debug] [2020-01-03T11:24:15.507Z] ----------------------------------------------------------------------
[debug] [2020-01-03T11:24:15.507Z] 
[debug] [2020-01-03T11:24:15.517Z] > command requires scopes: ["email","openid","https://www.googleapis.com/auth/cloudplatformprojects.readonly","https://www.googleapis.com/auth/firebase","https://www.googleapis.com/auth/cloud-platform"]
[debug] [2020-01-03T11:24:15.518Z] > authorizing via signed-in user
[debug] [2020-01-03T11:24:15.518Z] [iam] checking project chatterb-b5f90 for permissions ["firebase.projects.get"]
[debug] [2020-01-03T11:24:15.520Z] >>> HTTP REQUEST POST https://cloudresourcemanager.googleapis.com/v1/projects/chatterb-b5f90:testIamPermissions  

[debug] [2020-01-03T11:24:17.359Z] <<< HTTP RESPONSE 200
[debug] [2020-01-03T11:24:17.364Z] >>> HTTP REQUEST GET https://firebase.googleapis.com/v1beta1/projects/chatterb-b5f90  
 
[debug] [2020-01-03T11:24:17.864Z] <<< HTTP RESPONSE 200
[info] 
[info] === Serving from 'F:\myProjects\js_proj\react_project'...
[info] 
[warn] !  Your requested "node" version "8" doesn't match your global version "10"
[info] +  functions: Emulator started at http://localhost:5000
[info] i  functions: Watching "F:\myProjects\js_proj\react_project\functions" for Cloud Functions...
[debug] [2020-01-03T11:24:19.491Z] [worker-pool] addWorker(~diagnostic~)
[debug] [2020-01-03T11:24:19.491Z] [worker-pool] Adding worker with key ~diagnostic~, total=1
[debug] [2020-01-03T11:24:19.491Z] [worker-pool] submitWork(triggerId=)
[debug] [2020-01-03T11:24:19.492Z] [worker-~diagnostic~-36137f85-afbb-4fa1-94a5-0cfe7032e4e2]: Assigning socketPath: \\?\pipe\F:\myProjects\js_proj\react_project\functions\13896
[debug] [2020-01-03T11:24:19.493Z] [worker-~diagnostic~-36137f85-afbb-4fa1-94a5-0cfe7032e4e2]: BUSY
[debug] [2020-01-03T11:24:20.089Z] [runtime-status] [13896] Functions runtime initialized. {"cwd":"F:\\myProjects\\js_proj\\react_project\\functions","node_version":"10.16.0"}
[debug] [2020-01-03T11:24:20.091Z] [runtime-status] [13896] Disabled runtime features: {"functions_config_helper":true,"network_filtering":true,"timeout":true,"memory_limiting":true,"admin_stubs":true,"pubsub_emulator":true}
[debug] [2020-01-03T11:24:20.098Z] [runtime-status] [13896] Resolved module firebase-admin {"declared":true,"installed":true,"version":"8.9.0","resolution":"F:\\myProjects\\js_proj\\react_project\\functions\\node_modules\\firebase-admin\\lib\\index.js"}
[debug] [2020-01-03T11:24:20.100Z] [runtime-status] [13896] Resolved module firebase-functions {"declared":true,"installed":true,"version":"3.3.0","resolution":"F:\\myProjects\\js_proj\\react_project\\functions\\node_modules\\firebase-functions\\lib\\index.js"}
[debug] [2020-01-03T11:24:20.101Z] [runtime-status] [13896] Resolved module firebase-functions {"declared":true,"installed":true,"version":"3.3.0","resolution":"F:\\myProjects\\js_proj\\react_project\\functions\\node_modules\\firebase-functions\\lib\\index.js"}
[info] +  functions[api]: http function initialized (http://localhost:5000/chatterb-b5f90/us-central1/api).
[debug] [2020-01-03T11:24:20.777Z] [worker-~diagnostic~-36137f85-afbb-4fa1-94a5-0cfe7032e4e2]: IDLE
[debug] [2020-01-03T11:25:20.560Z] [work-queue] {"queueLength":1,"workRunningCount":0}
[debug] [2020-01-03T11:25:20.561Z] [work-queue] {"queueLength":0,"workRunningCount":1}
[debug] [2020-01-03T11:25:20.562Z] Accepted request GET /chatterb-b5f90/us-central1/api/newShout/7qbHDCv01KOZ9TmvITOZ --> api
[debug] [2020-01-03T11:25:20.570Z] [worker-pool] addWorker(api)
[debug] [2020-01-03T11:25:20.570Z] [worker-pool] Adding worker with key api, total=1
[debug] [2020-01-03T11:25:20.570Z] [worker-pool] submitWork(triggerId=api)
[debug] [2020-01-03T11:25:20.570Z] [worker-api-a9be36c2-2824-4037-95b8-cf844b58c68b]: Assigning socketPath: \\?\pipe\F:\myProjects\js_proj\react_project\functions\13500
[debug] [2020-01-03T11:25:20.570Z] [worker-api-a9be36c2-2824-4037-95b8-cf844b58c68b]: BUSY
[debug] [2020-01-03T11:25:21.210Z] [runtime-status] [13500] Functions runtime initialized. {"cwd":"F:\\myProjects\\js_proj\\react_project\\functions","node_version":"10.16.0"}
[debug] [2020-01-03T11:25:21.212Z] [runtime-status] [13500] Disabled runtime features: {"functions_config_helper":true,"network_filtering":true,"timeout":true,"memory_limiting":true,"admin_stubs":true,"pubsub_emulator":true}
[debug] [2020-01-03T11:25:21.218Z] [runtime-status] [13500] Resolved module firebase-admin {"declared":true,"installed":true,"version":"8.9.0","resolution":"F:\\myProjects\\js_proj\\react_project\\functions\\node_modules\\firebase-admin\\lib\\index.js"}
[debug] [2020-01-03T11:25:21.221Z] [runtime-status] [13500] Resolved module firebase-functions {"declared":true,"installed":true,"version":"3.3.0","resolution":"F:\\myProjects\\js_proj\\react_project\\functions\\node_modules\\firebase-functions\\lib\\index.js"}
[debug] [2020-01-03T11:25:21.223Z] [runtime-status] [13500] Resolved module firebase-functions {"declared":true,"installed":true,"version":"3.3.0","resolution":"F:\\myProjects\\js_proj\\react_project\\functions\\node_modules\\firebase-functions\\lib\\index.js"}
[debug] [2020-01-03T11:25:21.984Z] [runtime-status] [13500] Trigger "api" has been found, beginning invocation!
[info] i  functions: Beginning execution of "api"
[debug] [2020-01-03T11:25:21.985Z] [runtime-status] [13500] triggerDefinition {"regions":["us-central1"],"httpsTrigger":{},"name":"api","entryPoint":"api"}
[debug] [2020-01-03T11:25:21.986Z] [runtime-status] [13500] Running api in mode HTTPS
[debug] [2020-01-03T11:25:21.990Z] [runtime-status] [13500] Attempting to listen to socketPath: \\?\pipe\F:\myProjects\js_proj\react_project\functions\13500
[debug] [2020-01-03T11:25:21.996Z] [functions] Runtime ready! Sending request!
[debug] [2020-01-03T11:25:22.003Z] [runtime-status] [13500] Ephemeral server handling GET request
[debug] [2020-01-03T11:25:22.388Z] [runtime-status] [13500] Ephemeral server survived.
[info] >  { Error: 9 FAILED_PRECONDITION: The query requires an index. You can create it here: https://console.firebase.google.com/v1/r/project/chatterb-b5f90/firestore/indexes?create_composite=Ck9wcm9qZWN0cy9jaGF0dGVyYi1iNWY5MC9kYXRhYmFzZXMvKGRlZmF1bHQpL2NvbGxlY3Rpb25Hcm91cHMvY29tbWVudHMvaW5kZXhlcy9fEAEaCwoHc2hvdXRJZBABGg0KCWNyZWF0ZWRBdBACGgwKCF9fbmFtZV9fEAI
[info] >      at callErrorFromStatus (F:\myProjects\js_proj\react_project\functions\node_modules\@grpc\grpc-js\build\src\call.js:30:26)
[info] >      at Http2CallStream.call.on (F:\myProjects\js_proj\react_project\functions\node_modules\@grpc\grpc-js\build\src\call.js:79:34)
[info] >      at Http2CallStream.emit (events.js:203:15)
[info] >      at process.nextTick (F:\myProjects\js_proj\react_project\functions\node_modules\@grpc\grpc-js\build\src\call-stream.js:97:22)
[info] >      at process._tickCallback (internal/process/next_tick.js:61:11)
[info] >    code: 9,
[info] >    details:
[info] >     'The query requires an index. You can create it here: https://console.firebase.google.com/v1/r/project/chatterb-b5f90/firestore/indexes?create_composite=Ck9wcm9qZWN0cy9jaGF0dGVyYi1iNWY5MC9kYXRhYmFzZXMvKGRlZmF1bHQpL2NvbGxlY3Rpb25Hcm91cHMvY29tbWVudHMvaW5kZXhlcy9fEAEaCwoHc2hvdXRJZBABGg0KCWNyZWF0ZWRBdBACGgwKCF9fbmFtZV9fEAI',
[info] >    metadata: Metadata { internalRepr: Map {}, options: {} } }
[info] i  functions: Finished "api" in ~3s
[debug] [2020-01-03T11:25:25.032Z] [worker-api-a9be36c2-2824-4037-95b8-cf844b58c68b]: IDLE
[debug] [2020-01-03T11:25:25.032Z] [work-queue] {"queueLength":0,"workRunningCount":0}
[debug] [2020-01-03T11:28:45.485Z] [work-queue] {"queueLength":1,"workRunningCount":0}
[debug] [2020-01-03T11:28:45.485Z] [work-queue] {"queueLength":0,"workRunningCount":1}
[debug] [2020-01-03T11:28:45.485Z] Accepted request GET /chatterb-b5f90/us-central1/api/newShout/7qbHDCv01KOZ9TmvITOZ --> api
[debug] [2020-01-03T11:28:45.485Z] [worker-pool] submitWork(triggerId=api)
[debug] [2020-01-03T11:28:45.485Z] [worker-api-a9be36c2-2824-4037-95b8-cf844b58c68b]: Assigning socketPath: \\?\pipe\F:\myProjects\js_proj\react_project\functions\13500
[debug] [2020-01-03T11:28:45.485Z] [worker-api-a9be36c2-2824-4037-95b8-cf844b58c68b]: BUSY
[debug] [2020-01-03T11:28:45.486Z] [runtime-status] [13500] Trigger "api" has been found, beginning invocation!
[info] i  functions: Beginning execution of "api"
[debug] [2020-01-03T11:28:45.488Z] [runtime-status] [13500] triggerDefinition {"regions":["us-central1"],"httpsTrigger":{},"name":"api","entryPoint":"api"}
[debug] [2020-01-03T11:28:45.488Z] [runtime-status] [13500] Running api in mode HTTPS
[debug] [2020-01-03T11:28:45.488Z] [runtime-status] [13500] Attempting to listen to socketPath: \\?\pipe\F:\myProjects\js_proj\react_project\functions\13500
[debug] [2020-01-03T11:28:45.492Z] [functions] Runtime ready! Sending request!
[debug] [2020-01-03T11:28:45.498Z] [runtime-status] [13500] Ephemeral server handling GET request
[debug] [2020-01-03T11:28:45.499Z] [runtime-status] [13500] Ephemeral server survived.
[info] i  functions: Finished "api" in ~1s
[debug] [2020-01-03T11:28:46.600Z] [worker-api-a9be36c2-2824-4037-95b8-cf844b58c68b]: IDLE
[debug] [2020-01-03T11:28:46.601Z] [work-queue] {"queueLength":0,"workRunningCount":0}
[debug] [2020-01-03T11:35:10.540Z] [work-queue] {"queueLength":1,"workRunningCount":0}
[debug] [2020-01-03T11:35:10.540Z] [work-queue] {"queueLength":0,"workRunningCount":1}
[debug] [2020-01-03T11:35:10.541Z] Accepted request GET /chatterb-b5f90/us-central1/api/newShout/7qbHDCv01KOZ9TmvITOZ --> api
[debug] [2020-01-03T11:35:10.541Z] [worker-pool] submitWork(triggerId=api)
[debug] [2020-01-03T11:35:10.541Z] [worker-api-a9be36c2-2824-4037-95b8-cf844b58c68b]: Assigning socketPath: \\?\pipe\F:\myProjects\js_proj\react_project\functions\13500
[debug] [2020-01-03T11:35:10.541Z] [worker-api-a9be36c2-2824-4037-95b8-cf844b58c68b]: BUSY
[debug] [2020-01-03T11:35:10.541Z] [runtime-status] [13500] Trigger "api" has been found, beginning invocation!
[info] i  functions: Beginning execution of "api"
[debug] [2020-01-03T11:35:10.543Z] [runtime-status] [13500] triggerDefinition {"regions":["us-central1"],"httpsTrigger":{},"name":"api","entryPoint":"api"}
[debug] [2020-01-03T11:35:10.543Z] [runtime-status] [13500] Running api in mode HTTPS
[debug] [2020-01-03T11:35:10.543Z] [runtime-status] [13500] Attempting to listen to socketPath: \\?\pipe\F:\myProjects\js_proj\react_project\functions\13500
[debug] [2020-01-03T11:35:10.545Z] [functions] Runtime ready! Sending request!
[debug] [2020-01-03T11:35:10.547Z] [runtime-status] [13500] Ephemeral server handling GET request
[debug] [2020-01-03T11:35:10.547Z] [runtime-status] [13500] Ephemeral server survived.
[info] i  functions: Finished "api" in ~2s
[debug] [2020-01-03T11:35:12.571Z] [worker-api-a9be36c2-2824-4037-95b8-cf844b58c68b]: IDLE
[debug] [2020-01-03T11:35:12.571Z] [work-queue] {"queueLength":0,"workRunningCount":0}
[debug] [2020-01-03T11:35:19.352Z] [work-queue] {"queueLength":1,"workRunningCount":0}
[debug] [2020-01-03T11:35:19.352Z] [work-queue] {"queueLength":0,"workRunningCount":1}
[debug] [2020-01-03T11:35:19.352Z] Accepted request GET /chatterb-b5f90/us-central1/api/newShout/7qbHDCv01KOZ9TmvITOZ --> api
[debug] [2020-01-03T11:35:19.352Z] [worker-pool] submitWork(triggerId=api)
[debug] [2020-01-03T11:35:19.353Z] [worker-api-a9be36c2-2824-4037-95b8-cf844b58c68b]: Assigning socketPath: \\?\pipe\F:\myProjects\js_proj\react_project\functions\13500
[debug] [2020-01-03T11:35:19.353Z] [worker-api-a9be36c2-2824-4037-95b8-cf844b58c68b]: BUSY
[debug] [2020-01-03T11:35:19.354Z] [runtime-status] [13500] Trigger "api" has been found, beginning invocation!
[info] i  functions: Beginning execution of "api"
[debug] [2020-01-03T11:35:19.356Z] [runtime-status] [13500] triggerDefinition {"regions":["us-central1"],"httpsTrigger":{},"name":"api","entryPoint":"api"}
[debug] [2020-01-03T11:35:19.356Z] [runtime-status] [13500] Running api in mode HTTPS
[debug] [2020-01-03T11:35:19.357Z] [runtime-status] [13500] Attempting to listen to socketPath: \\?\pipe\F:\myProjects\js_proj\react_project\functions\13500
[debug] [2020-01-03T11:35:19.361Z] [functions] Runtime ready! Sending request!
[debug] [2020-01-03T11:35:19.366Z] [runtime-status] [13500] Ephemeral server handling GET request
[debug] [2020-01-03T11:35:19.367Z] [runtime-status] [13500] Ephemeral server survived.
[info] i  functions: Finished "api" in ~1s
[debug] [2020-01-03T11:35:20.433Z] [worker-api-a9be36c2-2824-4037-95b8-cf844b58c68b]: IDLE
[debug] [2020-01-03T11:35:20.433Z] [work-queue] {"queueLength":0,"workRunningCount":0}
[debug] [2020-01-03T11:35:22.569Z] [work-queue] {"queueLength":1,"workRunningCount":0}
[debug] [2020-01-03T11:35:22.569Z] [work-queue] {"queueLength":0,"workRunningCount":1}
[debug] [2020-01-03T11:35:22.569Z] Accepted request GET /chatterb-b5f90/us-central1/api/newShout/7qbHDCv01KOZ9TmvITOZ --> api
[debug] [2020-01-03T11:35:22.569Z] [worker-pool] submitWork(triggerId=api)
[debug] [2020-01-03T11:35:22.569Z] [worker-api-a9be36c2-2824-4037-95b8-cf844b58c68b]: Assigning socketPath: \\?\pipe\F:\myProjects\js_proj\react_project\functions\13500
[debug] [2020-01-03T11:35:22.570Z] [worker-api-a9be36c2-2824-4037-95b8-cf844b58c68b]: BUSY
[debug] [2020-01-03T11:35:22.570Z] [runtime-status] [13500] Trigger "api" has been found, beginning invocation!
[info] i  functions: Beginning execution of "api"
[debug] [2020-01-03T11:35:22.572Z] [runtime-status] [13500] triggerDefinition {"regions":["us-central1"],"httpsTrigger":{},"name":"api","entryPoint":"api"}
[debug] [2020-01-03T11:35:22.573Z] [runtime-status] [13500] Running api in mode HTTPS
[debug] [2020-01-03T11:35:22.573Z] [runtime-status] [13500] Attempting to listen to socketPath: \\?\pipe\F:\myProjects\js_proj\react_project\functions\13500
[debug] [2020-01-03T11:35:22.575Z] [functions] Runtime ready! Sending request!
[debug] [2020-01-03T11:35:22.579Z] [runtime-status] [13500] Ephemeral server handling GET request
[debug] [2020-01-03T11:35:22.579Z] [runtime-status] [13500] Ephemeral server survived.
[info] i  functions: Finished "api" in ~1s
[debug] [2020-01-03T11:35:23.652Z] [worker-api-a9be36c2-2824-4037-95b8-cf844b58c68b]: IDLE
[debug] [2020-01-03T11:35:23.652Z] [work-queue] {"queueLength":0,"workRunningCount":0}
[debug] [2020-01-03T11:54:46.328Z] File F:\myProjects\js_proj\react_project\functions\index.js changed, reloading triggers
[debug] [2020-01-03T11:54:47.329Z] [worker-pool] Shutting down IDLE worker (~diagnostic~)
[debug] [2020-01-03T11:54:47.330Z] [worker-~diagnostic~-36137f85-afbb-4fa1-94a5-0cfe7032e4e2]: FINISHING
[debug] [2020-01-03T11:54:47.331Z] [worker-pool] Shutting down IDLE worker (api)
[debug] [2020-01-03T11:54:47.332Z] [worker-api-a9be36c2-2824-4037-95b8-cf844b58c68b]: FINISHING
[debug] [2020-01-03T11:54:47.344Z] [worker-pool] addWorker(~diagnostic~)
[debug] [2020-01-03T11:54:47.344Z] [worker-pool] Adding worker with key ~diagnostic~, total=2
[debug] [2020-01-03T11:54:47.344Z] [worker-pool] submitWork(triggerId=)
[debug] [2020-01-03T11:54:47.344Z] [worker-~diagnostic~-2ac99af7-8eee-48fe-94cd-7cb5e94b721a]: Assigning socketPath: \\?\pipe\F:\myProjects\js_proj\react_project\functions\11636
[debug] [2020-01-03T11:54:47.345Z] [worker-~diagnostic~-2ac99af7-8eee-48fe-94cd-7cb5e94b721a]: BUSY
[debug] [2020-01-03T11:54:47.357Z] [worker-~diagnostic~-36137f85-afbb-4fa1-94a5-0cfe7032e4e2]: exited
[debug] [2020-01-03T11:54:47.357Z] [worker-~diagnostic~-36137f85-afbb-4fa1-94a5-0cfe7032e4e2]: FINISHED
[debug] [2020-01-03T11:54:47.358Z] [worker-api-a9be36c2-2824-4037-95b8-cf844b58c68b]: exited
[debug] [2020-01-03T11:54:47.358Z] [worker-api-a9be36c2-2824-4037-95b8-cf844b58c68b]: FINISHED
[debug] [2020-01-03T11:54:48.244Z] [runtime-status] [11636] Functions runtime initialized. {"cwd":"F:\\myProjects\\js_proj\\react_project\\functions","node_version":"10.16.0"}
[debug] [2020-01-03T11:54:48.247Z] [runtime-status] [11636] Disabled runtime features: {"functions_config_helper":true,"network_filtering":true,"timeout":true,"memory_limiting":true,"admin_stubs":true,"pubsub_emulator":true}
[debug] [2020-01-03T11:54:48.252Z] [runtime-status] [11636] Resolved module firebase-admin {"declared":true,"installed":true,"version":"8.9.0","resolution":"F:\\myProjects\\js_proj\\react_project\\functions\\node_modules\\firebase-admin\\lib\\index.js"}
[debug] [2020-01-03T11:54:48.255Z] [runtime-status] [11636] Resolved module firebase-functions {"declared":true,"installed":true,"version":"3.3.0","resolution":"F:\\myProjects\\js_proj\\react_project\\functions\\node_modules\\firebase-functions\\lib\\index.js"}
[debug] [2020-01-03T11:54:48.256Z] [runtime-status] [11636] Resolved module firebase-functions {"declared":true,"installed":true,"version":"3.3.0","resolution":"F:\\myProjects\\js_proj\\react_project\\functions\\node_modules\\firebase-functions\\lib\\index.js"}
[warn] !  Error: Route.post() requires a callback function but got a [object Undefined]
    at Route.(anonymous function) [as post] (F:\myProjects\js_proj\react_project\functions\node_modules\express\lib\router\route.js:202:15)
    at Function.app.(anonymous function) [as post] (F:\myProjects\js_proj\react_project\functions\node_modules\express\lib\application.js:482:19)
    at Object.<anonymous> (F:\myProjects\js_proj\react_project\functions\index.js:29:5)
    at Module._compile (internal/modules/cjs/loader.js:776:30)
    at Object.Module._extensions..js (internal/modules/cjs/loader.js:787:10)
    at Module.load (internal/modules/cjs/loader.js:653:32)
    at tryModuleLoad (internal/modules/cjs/loader.js:593:12)
    at Function.Module._load (internal/modules/cjs/loader.js:585:3)
    at Module.require (internal/modules/cjs/loader.js:690:17)
    at require (internal/modules/cjs/helpers.js:25:18)
[warn] !  We were unable to load your functions code. (see above)
[debug] [2020-01-03T11:54:49.077Z] [worker-~diagnostic~-2ac99af7-8eee-48fe-94cd-7cb5e94b721a]: exited
[debug] [2020-01-03T11:54:49.078Z] [worker-~diagnostic~-2ac99af7-8eee-48fe-94cd-7cb5e94b721a]: FINISHED
[debug] [2020-01-03T12:10:03.787Z] File F:\myProjects\js_proj\react_project\functions\util\fbAuth.js changed, reloading triggers
[debug] [2020-01-03T12:10:04.787Z] [worker-pool] Cleaned up workers for ~diagnostic~: 2 --> 0
[debug] [2020-01-03T12:10:04.788Z] [worker-pool] Cleaned up workers for api: 1 --> 0
[debug] [2020-01-03T12:10:04.792Z] [worker-pool] addWorker(~diagnostic~)
[debug] [2020-01-03T12:10:04.792Z] [worker-pool] Adding worker with key ~diagnostic~, total=1
[debug] [2020-01-03T12:10:04.792Z] [worker-pool] submitWork(triggerId=)
[debug] [2020-01-03T12:10:04.793Z] [worker-~diagnostic~-c5a14e6c-18ff-4433-b74f-0d375fe1a73e]: Assigning socketPath: \\?\pipe\F:\myProjects\js_proj\react_project\functions\13340
[debug] [2020-01-03T12:10:04.793Z] [worker-~diagnostic~-c5a14e6c-18ff-4433-b74f-0d375fe1a73e]: BUSY
[debug] [2020-01-03T12:10:05.687Z] [runtime-status] [13340] Functions runtime initialized. {"cwd":"F:\\myProjects\\js_proj\\react_project\\functions","node_version":"10.16.0"}
[debug] [2020-01-03T12:10:05.689Z] [runtime-status] [13340] Disabled runtime features: {"functions_config_helper":true,"network_filtering":true,"timeout":true,"memory_limiting":true,"admin_stubs":true,"pubsub_emulator":true}
[debug] [2020-01-03T12:10:05.699Z] [runtime-status] [13340] Resolved module firebase-admin {"declared":true,"installed":true,"version":"8.9.0","resolution":"F:\\myProjects\\js_proj\\react_project\\functions\\node_modules\\firebase-admin\\lib\\index.js"}
[debug] [2020-01-03T12:10:05.708Z] [runtime-status] [13340] Resolved module firebase-functions {"declared":true,"installed":true,"version":"3.3.0","resolution":"F:\\myProjects\\js_proj\\react_project\\functions\\node_modules\\firebase-functions\\lib\\index.js"}
[debug] [2020-01-03T12:10:05.711Z] [runtime-status] [13340] Resolved module firebase-functions {"declared":true,"installed":true,"version":"3.3.0","resolution":"F:\\myProjects\\js_proj\\react_project\\functions\\node_modules\\firebase-functions\\lib\\index.js"}
[warn] !  Error: Route.post() requires a callback function but got a [object Undefined]
    at Route.(anonymous function) [as post] (F:\myProjects\js_proj\react_project\functions\node_modules\express\lib\router\route.js:202:15)
    at Function.app.(anonymous function) [as post] (F:\myProjects\js_proj\react_project\functions\node_modules\express\lib\application.js:482:19)
    at Object.<anonymous> (F:\myProjects\js_proj\react_project\functions\index.js:29:5)
    at Module._compile (internal/modules/cjs/loader.js:776:30)
    at Object.Module._extensions..js (internal/modules/cjs/loader.js:787:10)
    at Module.load (internal/modules/cjs/loader.js:653:32)
    at tryModuleLoad (internal/modules/cjs/loader.js:593:12)
    at Function.Module._load (internal/modules/cjs/loader.js:585:3)
    at Module.require (internal/modules/cjs/loader.js:690:17)
    at require (internal/modules/cjs/helpers.js:25:18)
[warn] !  We were unable to load your functions code. (see above)
[debug] [2020-01-03T12:10:06.638Z] [worker-~diagnostic~-c5a14e6c-18ff-4433-b74f-0d375fe1a73e]: exited
[debug] [2020-01-03T12:10:06.638Z] [worker-~diagnostic~-c5a14e6c-18ff-4433-b74f-0d375fe1a73e]: FINISHED
[debug] [2020-01-03T12:17:56.341Z] File F:\myProjects\js_proj\react_project\functions\handlers\shouts.js changed, reloading triggers
[debug] [2020-01-03T12:17:57.345Z] [worker-pool] Cleaned up workers for ~diagnostic~: 1 --> 0
[debug] [2020-01-03T12:17:57.351Z] [worker-pool] addWorker(~diagnostic~)
[debug] [2020-01-03T12:17:57.351Z] [worker-pool] Adding worker with key ~diagnostic~, total=1
[debug] [2020-01-03T12:17:57.351Z] [worker-pool] submitWork(triggerId=)
[debug] [2020-01-03T12:17:57.351Z] [worker-~diagnostic~-53bd2dd1-a98a-4afb-a88f-9262084cb25d]: Assigning socketPath: \\?\pipe\F:\myProjects\js_proj\react_project\functions\6068
[debug] [2020-01-03T12:17:57.352Z] [worker-~diagnostic~-53bd2dd1-a98a-4afb-a88f-9262084cb25d]: BUSY
[debug] [2020-01-03T12:17:58.446Z] [runtime-status] [6068] Functions runtime initialized. {"cwd":"F:\\myProjects\\js_proj\\react_project\\functions","node_version":"10.16.0"}
[debug] [2020-01-03T12:17:58.448Z] [runtime-status] [6068] Disabled runtime features: {"functions_config_helper":true,"network_filtering":true,"timeout":true,"memory_limiting":true,"admin_stubs":true,"pubsub_emulator":true}
[debug] [2020-01-03T12:17:58.453Z] [runtime-status] [6068] Resolved module firebase-admin {"declared":true,"installed":true,"version":"8.9.0","resolution":"F:\\myProjects\\js_proj\\react_project\\functions\\node_modules\\firebase-admin\\lib\\index.js"}
[debug] [2020-01-03T12:17:58.456Z] [runtime-status] [6068] Resolved module firebase-functions {"declared":true,"installed":true,"version":"3.3.0","resolution":"F:\\myProjects\\js_proj\\react_project\\functions\\node_modules\\firebase-functions\\lib\\index.js"}
[debug] [2020-01-03T12:17:58.459Z] [runtime-status] [6068] Resolved module firebase-functions {"declared":true,"installed":true,"version":"3.3.0","resolution":"F:\\myProjects\\js_proj\\react_project\\functions\\node_modules\\firebase-functions\\lib\\index.js"}
[debug] [2020-01-03T12:17:59.349Z] [worker-~diagnostic~-53bd2dd1-a98a-4afb-a88f-9262084cb25d]: IDLE
[debug] [2020-01-03T12:58:55.808Z] [work-queue] {"queueLength":1,"workRunningCount":0}
[debug] [2020-01-03T12:58:55.808Z] [work-queue] {"queueLength":0,"workRunningCount":1}
[debug] [2020-01-03T12:58:55.808Z] Accepted request POST /chatterb-b5f90/us-central1/api/login --> api
[debug] [2020-01-03T12:58:55.812Z] [worker-pool] addWorker(api)
[debug] [2020-01-03T12:58:55.812Z] [worker-pool] Adding worker with key api, total=1
[debug] [2020-01-03T12:58:55.812Z] [worker-pool] submitWork(triggerId=api)
[debug] [2020-01-03T12:58:55.812Z] [worker-api-35bb840c-ca25-4d24-9c4a-7d0b96c6e29f]: Assigning socketPath: \\?\pipe\F:\myProjects\js_proj\react_project\functions\7152
[debug] [2020-01-03T12:58:55.813Z] [worker-api-35bb840c-ca25-4d24-9c4a-7d0b96c6e29f]: BUSY
[debug] [2020-01-03T12:58:56.504Z] [runtime-status] [7152] Functions runtime initialized. {"cwd":"F:\\myProjects\\js_proj\\react_project\\functions","node_version":"10.16.0"}
[debug] [2020-01-03T12:58:56.506Z] [runtime-status] [7152] Disabled runtime features: {"functions_config_helper":true,"network_filtering":true,"timeout":true,"memory_limiting":true,"admin_stubs":true,"pubsub_emulator":true}
[debug] [2020-01-03T12:58:56.512Z] [runtime-status] [7152] Resolved module firebase-admin {"declared":true,"installed":true,"version":"8.9.0","resolution":"F:\\myProjects\\js_proj\\react_project\\functions\\node_modules\\firebase-admin\\lib\\index.js"}
[debug] [2020-01-03T12:58:56.515Z] [runtime-status] [7152] Resolved module firebase-functions {"declared":true,"installed":true,"version":"3.3.0","resolution":"F:\\myProjects\\js_proj\\react_project\\functions\\node_modules\\firebase-functions\\lib\\index.js"}
[debug] [2020-01-03T12:58:56.517Z] [runtime-status] [7152] Resolved module firebase-functions {"declared":true,"installed":true,"version":"3.3.0","resolution":"F:\\myProjects\\js_proj\\react_project\\functions\\node_modules\\firebase-functions\\lib\\index.js"}
[debug] [2020-01-03T12:58:57.356Z] [runtime-status] [7152] Trigger "api" has been found, beginning invocation!
[info] i  functions: Beginning execution of "api"
[debug] [2020-01-03T12:58:57.358Z] [runtime-status] [7152] triggerDefinition {"regions":["us-central1"],"httpsTrigger":{},"name":"api","entryPoint":"api"}
[debug] [2020-01-03T12:58:57.358Z] [runtime-status] [7152] Running api in mode HTTPS
[debug] [2020-01-03T12:58:57.361Z] [runtime-status] [7152] Attempting to listen to socketPath: \\?\pipe\F:\myProjects\js_proj\react_project\functions\7152
[debug] [2020-01-03T12:58:57.368Z] [functions] Runtime ready! Sending request!
[debug] [2020-01-03T12:58:57.533Z] [runtime-status] [7152] Ephemeral server handling POST request
[debug] [2020-01-03T12:58:57.569Z] [runtime-status] [7152] Ephemeral server survived.
[info] i  functions: Finished "api" in ~1s
[debug] [2020-01-03T12:58:58.974Z] [worker-api-35bb840c-ca25-4d24-9c4a-7d0b96c6e29f]: IDLE
[debug] [2020-01-03T12:58:58.974Z] [work-queue] {"queueLength":0,"workRunningCount":0}
[debug] [2020-01-03T13:05:03.641Z] File F:\myProjects\js_proj\react_project\functions\handlers\shouts.js changed, reloading triggers
[debug] [2020-01-03T13:05:04.642Z] [worker-pool] Shutting down IDLE worker (~diagnostic~)
[debug] [2020-01-03T13:05:04.643Z] [worker-~diagnostic~-53bd2dd1-a98a-4afb-a88f-9262084cb25d]: FINISHING
[debug] [2020-01-03T13:05:04.644Z] [worker-pool] Shutting down IDLE worker (api)
[debug] [2020-01-03T13:05:04.644Z] [worker-api-35bb840c-ca25-4d24-9c4a-7d0b96c6e29f]: FINISHING
[debug] [2020-01-03T13:05:04.659Z] [worker-pool] addWorker(~diagnostic~)
[debug] [2020-01-03T13:05:04.659Z] [worker-pool] Adding worker with key ~diagnostic~, total=2
[debug] [2020-01-03T13:05:04.671Z] [worker-pool] submitWork(triggerId=)
[debug] [2020-01-03T13:05:04.671Z] [worker-~diagnostic~-8428d41c-d0b1-4b13-b8de-2d4d1bac9cba]: Assigning socketPath: \\?\pipe\F:\myProjects\js_proj\react_project\functions\5768
[debug] [2020-01-03T13:05:04.671Z] [worker-~diagnostic~-8428d41c-d0b1-4b13-b8de-2d4d1bac9cba]: BUSY
[debug] [2020-01-03T13:05:04.681Z] [worker-api-35bb840c-ca25-4d24-9c4a-7d0b96c6e29f]: exited
[debug] [2020-01-03T13:05:04.681Z] [worker-api-35bb840c-ca25-4d24-9c4a-7d0b96c6e29f]: FINISHED
[debug] [2020-01-03T13:05:04.682Z] [worker-~diagnostic~-53bd2dd1-a98a-4afb-a88f-9262084cb25d]: exited
[debug] [2020-01-03T13:05:04.682Z] [worker-~diagnostic~-53bd2dd1-a98a-4afb-a88f-9262084cb25d]: FINISHED
[debug] [2020-01-03T13:05:05.551Z] [runtime-status] [5768] Functions runtime initialized. {"cwd":"F:\\myProjects\\js_proj\\react_project\\functions","node_version":"10.16.0"}
[debug] [2020-01-03T13:05:05.554Z] [runtime-status] [5768] Disabled runtime features: {"functions_config_helper":true,"network_filtering":true,"timeout":true,"memory_limiting":true,"admin_stubs":true,"pubsub_emulator":true}
[debug] [2020-01-03T13:05:05.559Z] [runtime-status] [5768] Resolved module firebase-admin {"declared":true,"installed":true,"version":"8.9.0","resolution":"F:\\myProjects\\js_proj\\react_project\\functions\\node_modules\\firebase-admin\\lib\\index.js"}
[debug] [2020-01-03T13:05:05.562Z] [runtime-status] [5768] Resolved module firebase-functions {"declared":true,"installed":true,"version":"3.3.0","resolution":"F:\\myProjects\\js_proj\\react_project\\functions\\node_modules\\firebase-functions\\lib\\index.js"}
[debug] [2020-01-03T13:05:05.563Z] [runtime-status] [5768] Resolved module firebase-functions {"declared":true,"installed":true,"version":"3.3.0","resolution":"F:\\myProjects\\js_proj\\react_project\\functions\\node_modules\\firebase-functions\\lib\\index.js"}
[debug] [2020-01-03T13:05:06.395Z] [worker-~diagnostic~-8428d41c-d0b1-4b13-b8de-2d4d1bac9cba]: IDLE
[info] Shutting down...
